<?xml version="1.0" encoding="UTF-8"?>
<!-- Generated by org.testng.reporters.JUnitReportReporter -->
<testsuite hostname="LTIN441384" failures="0" tests="1" name="restapi.jsonschemavalidator" time="2.015" errors="0" timestamp="2024-04-16T15:50:28 IST" skipped="0">
  <testcase classname="restapi.jsonschemavalidator" name="getmethodbdd" time="2.015"/>
  <system-out/>
</testsuite> <!-- restapi.jsonschemavalidator -->
