<?xml version="1.0" encoding="UTF-8"?>
<!-- Generated by org.testng.reporters.JUnitReportReporter -->
<testsuite hostname="LTIN441384" failures="0" tests="2" name="restapi.GetMethod" time="1.720" errors="0" timestamp="2024-04-15T12:14:48 IST" skipped="1">
  <testcase classname="restapi.GetMethod" name="getmethodnonbdd" time="1.720"/>
  <system-out/>
  <testcase classname="restapi.GetMethod" name="getmethodbdd">
    <skipped/>
  </testcase> <!-- getmethodbdd -->
  <system-out/>
</testsuite> <!-- restapi.GetMethod -->
