<?xml version="1.0" encoding="UTF-8"?>
<!-- Generated by org.testng.reporters.JUnitReportReporter -->
<testsuite hostname="LTIN441384" failures="0" tests="1" name="restapi.jsonschemavalidator" time="2.049" errors="0" timestamp="2024-04-22T11:55:15 IST" skipped="0">
  <testcase classname="restapi.jsonschemavalidator" name="getmethodbdd" time="2.049"/>
  <system-out/>
</testsuite> <!-- restapi.jsonschemavalidator -->
