<?xml version="1.0" encoding="UTF-8"?>
<!-- Generated by org.testng.reporters.JUnitReportReporter -->
<testsuite hostname="LTIN441384" failures="0" tests="2" name="restapi.PutPatchDelete" time="1.936" errors="0" timestamp="2024-04-15T12:17:40 IST" skipped="1">
  <testcase classname="restapi.PutPatchDelete" name="deleteMethod" time="1.936"/>
  <system-out/>
  <testcase classname="restapi.PutPatchDelete" name="putMethod">
    <skipped/>
  </testcase> <!-- putMethod -->
  <system-out/>
</testsuite> <!-- restapi.PutPatchDelete -->
