<?xml version="1.0" encoding="UTF-8"?>
<!-- Generated by org.testng.reporters.JUnitReportReporter -->
<testsuite hostname="LTIN441384" failures="0" tests="1" name="restapi.PostMethod" time="2.250" errors="0" timestamp="2024-04-15T12:15:55 IST" skipped="0">
  <testcase classname="restapi.PostMethod" name="postMethod" time="2.250"/>
  <system-out/>
</testsuite> <!-- restapi.PostMethod -->
